2026-05-16 15:38:25,616 INFO: 
                ____                _       _____  ____
               / __ ) ____ _ _____ (_)_____/ ___/ / __ \
              / __  |/ __ `// ___// // ___/\__ \ / /_/ /
             / /_/ // /_/ /(__  )/ // /__ ___/ // _, _/
            /_____/ \__,_//____//_/ \___//____//_/ |_|
     ______                   __   __                 __      __
    / ____/____   ____   ____/ /  / /   __  __ _____ / /__   / /
   / / __ / __ \ / __ \ / __  /  / /   / / / // ___// //_/  / /
  / /_/ // /_/ // /_/ // /_/ /  / /___/ /_/ // /__ / /<    /_/
  \____/ \____/ \____/ \____/  /_____/\____/ \___//_/|_|  (_)
    
Version Information: 
	BasicSR: 1.4.2
	PyTorch: 2.8.0+cu128
	TorchVision: 0.23.0+cu128
2026-05-16 15:38:25,617 INFO: 
  name: train_CATANet_x2_scratch
  model_type: CATANetModel
  scale: 2
  num_gpu: 4
  manual_seed: 3407
  datasets:[
    train:[
      task: SR
      name: DIV2K
      type: PairedImageDataset
      dataroot_gt: /hy-tmp/DIV2K_train_HR
      dataroot_lq: /hy-tmp/DIV2K_train_LR_bicubic/X2
      filename_tmpl: {}x2
      io_backend:[
        type: disk
      ]
      gt_size: 128
      use_hflip: True
      use_rot: True
      use_shuffle: True
      num_worker_per_gpu: 8
      batch_size_per_gpu: 16
      dataset_enlarge_ratio: 100
      prefetch_mode: cuda
      pin_memory: True
      phase: train
      scale: 2
    ]
    val_0:[
      name: Set5
      type: PairedImageDataset
      dataroot_gt: /hy-tmp/TestDataSR/HR/Set5/x2
      dataroot_lq: /hy-tmp/TestDataSR/LR/LRBI/Set5/x2
      filename_tmpl: {}
      io_backend:[
        type: disk
      ]
      phase: val
      scale: 2
    ]
    val_1:[
      name: Set14
      type: PairedImageDataset
      dataroot_gt: /hy-tmp/TestDataSR/HR/Set14/x2
      dataroot_lq: /hy-tmp/TestDataSR/LR/LRBI/Set14/x2
      filename_tmpl: {}
      io_backend:[
        type: disk
      ]
      phase: val
      scale: 2
    ]
  ]
  network_g:[
    type: CATANet
    upscale: 2
  ]
  path:[
    pretrain_network_g: None
    strict_load_g: True
    resume_state: None
    experiments_root: /root/DPRNet/CATANet/experiments/train_CATANet_x2_scratch
    models: /root/DPRNet/CATANet/experiments/train_CATANet_x2_scratch/models
    training_states: /root/DPRNet/CATANet/experiments/train_CATANet_x2_scratch/training_states
    log: /root/DPRNet/CATANet/experiments/train_CATANet_x2_scratch
    visualization: /root/DPRNet/CATANet/experiments/train_CATANet_x2_scratch/visualization
  ]
  train:[
    optim_g:[
      type: Adam
      lr: 0.0002
      weight_decay: 0
      betas: [0.9, 0.99]
    ]
    scheduler:[
      type: MultiStepLR
      milestones: [300000, 500000, 650000, 700000, 750000]
      gamma: 0.5
    ]
    total_iter: 800000
    pixel_opt:[
      type: L1Loss
      loss_weight: 1.0
      reduction: mean
    ]
  ]
  val:[
    val_freq: 2500.0
    save_img: False
    metrics:[
      psnr:[
        type: calculate_psnr_pt
        crop_border: 2
        test_y_channel: True
      ]
      ssim:[
        type: calculate_ssim_pt
        crop_border: 2
        test_y_channel: True
      ]
    ]
  ]
  logger:[
    print_freq: 200
    save_checkpoint_freq: 2500.0
    use_tb_logger: True
    wandb:[
      project: None
      resume_id: None
    ]
  ]
  dist_params:[
    backend: nccl
    port: 29500
  ]
  dist: True
  rank: 0
  world_size: 4
  auto_resume: False
  is_train: True
  root_path: /root/DPRNet/CATANet

2026-05-16 15:38:25,761 INFO: Dataset [PairedImageDataset] - DIV2K is built.
2026-05-16 15:38:25,762 INFO: Training statistics:
	Number of train images: 800
	Dataset enlarge ratio: 100
	Batch size per gpu: 16
	World size (gpu number): 4
	Require iter number per epoch: 1250
	Total epochs: 640; iters: 800000.
2026-05-16 15:38:25,762 INFO: Dataset [PairedImageDataset] - Set5 is built.
2026-05-16 15:38:25,762 INFO: Number of val images/folders in Set5: 5
2026-05-16 15:38:25,763 INFO: Dataset [PairedImageDataset] - Set14 is built.
2026-05-16 15:38:25,763 INFO: Number of val images/folders in Set14: 14
2026-05-16 15:38:25,827 INFO: Network [CATANet] is created.
2026-05-16 15:38:26,296 INFO: Network: DistributedDataParallel - CATANet, with parameters: 601,947
2026-05-16 15:38:26,296 INFO: #Params of CATANet: 601.9470 [K]
2026-05-16 15:38:26,299 INFO: Loss [L1Loss] is created.
2026-05-16 15:38:26,302 INFO: Model [CATANetModel] is created.
2026-05-16 15:38:29,549 INFO: Use cuda prefetch dataloader
2026-05-16 15:38:29,550 INFO: Start training from epoch: 0, iter: 0
2026-05-16 15:40:19,381 INFO: [train..][epoch:  0, iter:     200, lr:(2.000e-04,)] [eta: 4 days, 15:06:39, time (data): 0.549 (0.029)] l_pix: 1.7918e-02 route_b0_xscore_mean: 6.2626e-02 route_b0_xscore_std: 1.0629e-04 route_b1_xscore_mean: 3.1361e-02 route_b1_xscore_std: 9.5971e-05 route_b2_xscore_mean: 1.5644e-02 route_b2_xscore_std: 1.4240e-05 route_b3_xscore_mean: 7.8246e-03 route_b3_xscore_std: 1.0931e-05 route_b4_xscore_mean: 6.2582e-02 route_b4_xscore_std: 6.6044e-05 route_b5_xscore_mean: 3.1308e-02 route_b5_xscore_std: 4.0346e-05 route_b6_xscore_mean: 1.5645e-02 route_b6_xscore_std: 1.6614e-05 route_b7_xscore_mean: 7.8240e-03 route_b7_xscore_std: 8.9784e-06 
2026-05-16 15:42:01,547 INFO: [train..][epoch:  0, iter:     400, lr:(2.000e-04,)] [eta: 4 days, 16:16:08, time (data): 0.511 (0.001)] l_pix: 1.9861e-02 route_b0_xscore_mean: 6.2636e-02 route_b0_xscore_std: 1.2844e-04 route_b1_xscore_mean: 3.1398e-02 route_b1_xscore_std: 1.4624e-04 route_b2_xscore_mean: 1.5647e-02 route_b2_xscore_std: 1.8743e-05 route_b3_xscore_mean: 7.8271e-03 route_b3_xscore_std: 1.3023e-05 route_b4_xscore_mean: 6.2616e-02 route_b4_xscore_std: 1.1464e-04 route_b5_xscore_mean: 3.1325e-02 route_b5_xscore_std: 5.9007e-05 route_b6_xscore_mean: 1.5652e-02 route_b6_xscore_std: 2.4698e-05 route_b7_xscore_mean: 7.8270e-03 route_b7_xscore_std: 1.2146e-05 
2026-05-16 15:43:45,884 INFO: [train..][epoch:  0, iter:     600, lr:(2.000e-04,)] [eta: 4 days, 17:26:23, time (data): 0.522 (0.001)] l_pix: 1.5061e-02 route_b0_xscore_mean: 6.2602e-02 route_b0_xscore_std: 9.8040e-05 route_b1_xscore_mean: 3.1354e-02 route_b1_xscore_std: 1.0200e-04 route_b2_xscore_mean: 1.5647e-02 route_b2_xscore_std: 2.2676e-05 route_b3_xscore_mean: 7.8289e-03 route_b3_xscore_std: 1.6350e-05 route_b4_xscore_mean: 6.2602e-02 route_b4_xscore_std: 9.7897e-05 route_b5_xscore_mean: 3.1328e-02 route_b5_xscore_std: 6.1401e-05 route_b6_xscore_mean: 1.5651e-02 route_b6_xscore_std: 2.4798e-05 route_b7_xscore_mean: 7.8265e-03 route_b7_xscore_std: 1.2496e-05 
2026-05-16 15:45:30,960 INFO: [train..][epoch:  0, iter:     800, lr:(2.000e-04,)] [eta: 4 days, 18:12:57, time (data): 0.525 (0.001)] l_pix: 1.8205e-02 route_b0_xscore_mean: 6.2640e-02 route_b0_xscore_std: 1.3831e-04 route_b1_xscore_mean: 3.1411e-02 route_b1_xscore_std: 1.6982e-04 route_b2_xscore_mean: 1.5656e-02 route_b2_xscore_std: 2.8336e-05 route_b3_xscore_mean: 7.8356e-03 route_b3_xscore_std: 2.0613e-05 route_b4_xscore_mean: 6.2670e-02 route_b4_xscore_std: 1.6412e-04 route_b5_xscore_mean: 3.1370e-02 route_b5_xscore_std: 9.2260e-05 route_b6_xscore_mean: 1.5668e-02 route_b6_xscore_std: 3.8108e-05 route_b7_xscore_mean: 7.8326e-03 route_b7_xscore_std: 1.7518e-05 
2026-05-16 15:47:16,071 INFO: [train..][epoch:  0, iter:   1,000, lr:(2.000e-04,)] [eta: 4 days, 18:40:40, time (data): 0.526 (0.001)] l_pix: 1.6293e-02 route_b0_xscore_mean: 6.2616e-02 route_b0_xscore_std: 1.0390e-04 route_b1_xscore_mean: 3.1380e-02 route_b1_xscore_std: 1.2542e-04 route_b2_xscore_mean: 1.5655e-02 route_b2_xscore_std: 2.5304e-05 route_b3_xscore_mean: 7.8359e-03 route_b3_xscore_std: 1.8440e-05 route_b4_xscore_mean: 6.2661e-02 route_b4_xscore_std: 1.5141e-04 route_b5_xscore_mean: 3.1378e-02 route_b5_xscore_std: 9.5861e-05 route_b6_xscore_mean: 1.5665e-02 route_b6_xscore_std: 3.5043e-05 route_b7_xscore_mean: 7.8322e-03 route_b7_xscore_std: 1.6962e-05 
2026-05-16 15:49:01,640 INFO: [train..][epoch:  0, iter:   1,200, lr:(2.000e-04,)] [eta: 4 days, 19:03:41, time (data): 0.528 (0.001)] l_pix: 1.6079e-02 route_b0_xscore_mean: 6.2617e-02 route_b0_xscore_std: 1.1302e-04 route_b1_xscore_mean: 3.1368e-02 route_b1_xscore_std: 1.1869e-04 route_b2_xscore_mean: 1.5677e-02 route_b2_xscore_std: 4.2948e-05 route_b3_xscore_mean: 7.8500e-03 route_b3_xscore_std: 2.9803e-05 route_b4_xscore_mean: 6.2794e-02 route_b4_xscore_std: 3.0224e-04 route_b5_xscore_mean: 3.1408e-02 route_b5_xscore_std: 1.3498e-04 route_b6_xscore_mean: 1.5688e-02 route_b6_xscore_std: 5.0491e-05 route_b7_xscore_mean: 7.8374e-03 route_b7_xscore_std: 2.0895e-05 
2026-05-16 15:50:50,492 INFO: [train..][epoch:  1, iter:   1,400, lr:(2.000e-04,)] [eta: 4 days, 19:50:47, time (data): 0.545 (0.019)] l_pix: 1.8950e-02 route_b0_xscore_mean: 6.2642e-02 route_b0_xscore_std: 1.3944e-04 route_b1_xscore_mean: 3.1373e-02 route_b1_xscore_std: 1.1910e-04 route_b2_xscore_mean: 1.5712e-02 route_b2_xscore_std: 8.7570e-05 route_b3_xscore_mean: 7.8675e-03 route_b3_xscore_std: 4.4025e-05 route_b4_xscore_mean: 6.2928e-02 route_b4_xscore_std: 5.0822e-04 route_b5_xscore_mean: 3.1409e-02 route_b5_xscore_std: 1.4682e-04 route_b6_xscore_mean: 1.5709e-02 route_b6_xscore_std: 7.3289e-05 route_b7_xscore_mean: 7.8433e-03 route_b7_xscore_std: 2.6529e-05 
2026-05-16 15:52:36,286 INFO: [train..][epoch:  1, iter:   1,600, lr:(2.000e-04,)] [eta: 4 days, 20:00:15, time (data): 0.529 (0.001)] l_pix: 1.4491e-02 route_b0_xscore_mean: 6.2600e-02 route_b0_xscore_std: 7.9819e-05 route_b1_xscore_mean: 3.1364e-02 route_b1_xscore_std: 1.0224e-04 route_b2_xscore_mean: 1.5693e-02 route_b2_xscore_std: 5.5758e-05 route_b3_xscore_mean: 7.8647e-03 route_b3_xscore_std: 4.2208e-05 route_b4_xscore_mean: 6.3000e-02 route_b4_xscore_std: 5.3042e-04 route_b5_xscore_mean: 3.1402e-02 route_b5_xscore_std: 1.3408e-04 route_b6_xscore_mean: 1.5719e-02 route_b6_xscore_std: 8.2533e-05 route_b7_xscore_mean: 7.8448e-03 route_b7_xscore_std: 2.8189e-05 
2026-05-16 15:54:22,703 INFO: [train..][epoch:  1, iter:   1,800, lr:(2.000e-04,)] [eta: 4 days, 20:11:51, time (data): 0.532 (0.001)] l_pix: 1.8029e-02 route_b0_xscore_mean: 6.2662e-02 route_b0_xscore_std: 1.3268e-04 route_b1_xscore_mean: 3.1398e-02 route_b1_xscore_std: 1.5581e-04 route_b2_xscore_mean: 1.5718e-02 route_b2_xscore_std: 7.9108e-05 route_b3_xscore_mean: 7.8710e-03 route_b3_xscore_std: 4.1468e-05 route_b4_xscore_mean: 6.3030e-02 route_b4_xscore_std: 5.7729e-04 route_b5_xscore_mean: 3.1432e-02 route_b5_xscore_std: 1.6003e-04 route_b6_xscore_mean: 1.5732e-02 route_b6_xscore_std: 8.8856e-05 route_b7_xscore_mean: 7.8479e-03 route_b7_xscore_std: 2.7611e-05 
2026-05-16 15:56:09,040 INFO: [train..][epoch:  1, iter:   2,000, lr:(2.000e-04,)] [eta: 4 days, 20:20:12, time (data): 0.531 (0.001)] l_pix: 1.5445e-02 route_b0_xscore_mean: 6.2624e-02 route_b0_xscore_std: 1.3471e-04 route_b1_xscore_mean: 3.1343e-02 route_b1_xscore_std: 9.7150e-05 route_b2_xscore_mean: 1.5708e-02 route_b2_xscore_std: 8.0164e-05 route_b3_xscore_mean: 7.8609e-03 route_b3_xscore_std: 4.3216e-05 route_b4_xscore_mean: 6.2978e-02 route_b4_xscore_std: 5.8671e-04 route_b5_xscore_mean: 3.1429e-02 route_b5_xscore_std: 1.8764e-04 route_b6_xscore_mean: 1.5712e-02 route_b6_xscore_std: 8.0152e-05 route_b7_xscore_mean: 7.8428e-03 route_b7_xscore_std: 2.6693e-05 
2026-05-16 15:57:55,427 INFO: [train..][epoch:  1, iter:   2,200, lr:(2.000e-04,)] [eta: 4 days, 20:27:03, time (data): 0.532 (0.001)] l_pix: 1.6918e-02 route_b0_xscore_mean: 6.2620e-02 route_b0_xscore_std: 1.1973e-04 route_b1_xscore_mean: 3.1344e-02 route_b1_xscore_std: 9.2752e-05 route_b2_xscore_mean: 1.5717e-02 route_b2_xscore_std: 8.9583e-05 route_b3_xscore_mean: 7.8657e-03 route_b3_xscore_std: 5.0002e-05 route_b4_xscore_mean: 6.3245e-02 route_b4_xscore_std: 8.4881e-04 route_b5_xscore_mean: 3.1451e-02 route_b5_xscore_std: 2.0268e-04 route_b6_xscore_mean: 1.5731e-02 route_b6_xscore_std: 9.2751e-05 route_b7_xscore_mean: 7.8452e-03 route_b7_xscore_std: 2.5103e-05 
2026-05-16 15:59:42,561 INFO: [train..][epoch:  1, iter:   2,400, lr:(2.000e-04,)] [eta: 4 days, 20:36:35, time (data): 0.536 (0.001)] l_pix: 1.4386e-02 route_b0_xscore_mean: 6.2623e-02 route_b0_xscore_std: 1.1703e-04 route_b1_xscore_mean: 3.1351e-02 route_b1_xscore_std: 1.0965e-04 route_b2_xscore_mean: 1.5724e-02 route_b2_xscore_std: 8.8665e-05 route_b3_xscore_mean: 7.8628e-03 route_b3_xscore_std: 4.3657e-05 route_b4_xscore_mean: 6.3066e-02 route_b4_xscore_std: 6.2241e-04 route_b5_xscore_mean: 3.1416e-02 route_b5_xscore_std: 1.6536e-04 route_b6_xscore_mean: 1.5717e-02 route_b6_xscore_std: 8.6398e-05 route_b7_xscore_mean: 7.8408e-03 route_b7_xscore_std: 2.4163e-05 
2026-05-16 16:00:36,072 INFO: Saving models and training states.
2026-05-16 16:00:36,254 WARNING: Multiple validation datasets are *only* supported by SRModel.
2026-05-16 16:00:44,731 INFO: Validation Set5
	 # psnr: 36.9664	Best: 36.9664 @ 2500 iter
	 # ssim: 0.9562	Best: 0.9562 @ 2500 iter

2026-05-16 16:01:10,388 INFO: Validation Set14
	 # psnr: 32.5792	Best: 32.5792 @ 2500 iter
	 # ssim: 0.9083	Best: 0.9083 @ 2500 iter

2026-05-16 16:02:04,320 INFO: [train..][epoch:  2, iter:   2,600, lr:(2.000e-04,)] [eta: 4 days, 23:41:18, time (data): 0.537 (0.015)] l_pix: 1.5606e-02 route_b0_xscore_mean: 6.2652e-02 route_b0_xscore_std: 1.3443e-04 route_b1_xscore_mean: 3.1350e-02 route_b1_xscore_std: 1.0638e-04 route_b2_xscore_mean: 1.5721e-02 route_b2_xscore_std: 8.8538e-05 route_b3_xscore_mean: 7.8580e-03 route_b3_xscore_std: 3.6295e-05 route_b4_xscore_mean: 6.3249e-02 route_b4_xscore_std: 7.4252e-04 route_b5_xscore_mean: 3.1453e-02 route_b5_xscore_std: 1.8915e-04 route_b6_xscore_mean: 1.5727e-02 route_b6_xscore_std: 7.7140e-05 route_b7_xscore_mean: 7.8455e-03 route_b7_xscore_std: 2.3005e-05 
2026-05-16 16:03:49,631 INFO: [train..][epoch:  2, iter:   2,800, lr:(2.000e-04,)] [eta: 4 days, 23:26:25, time (data): 0.527 (0.001)] l_pix: 1.5148e-02 route_b0_xscore_mean: 6.2636e-02 route_b0_xscore_std: 1.2055e-04 route_b1_xscore_mean: 3.1330e-02 route_b1_xscore_std: 8.1592e-05 route_b2_xscore_mean: 1.5729e-02 route_b2_xscore_std: 9.3329e-05 route_b3_xscore_mean: 7.8639e-03 route_b3_xscore_std: 4.4964e-05 route_b4_xscore_mean: 6.3322e-02 route_b4_xscore_std: 8.9400e-04 route_b5_xscore_mean: 3.1428e-02 route_b5_xscore_std: 1.6709e-04 route_b6_xscore_mean: 1.5716e-02 route_b6_xscore_std: 7.6433e-05 route_b7_xscore_mean: 7.8412e-03 route_b7_xscore_std: 2.2490e-05 
2026-05-16 16:05:36,354 INFO: [train..][epoch:  2, iter:   3,000, lr:(2.000e-04,)] [eta: 4 days, 23:19:31, time (data): 0.533 (0.001)] l_pix: 1.5811e-02 route_b0_xscore_mean: 6.2634e-02 route_b0_xscore_std: 1.3023e-04 route_b1_xscore_mean: 3.1334e-02 route_b1_xscore_std: 9.3058e-05 route_b2_xscore_mean: 1.5735e-02 route_b2_xscore_std: 1.1865e-04 route_b3_xscore_mean: 7.8657e-03 route_b3_xscore_std: 5.1308e-05 route_b4_xscore_mean: 6.3495e-02 route_b4_xscore_std: 1.1124e-03 route_b5_xscore_mean: 3.1453e-02 route_b5_xscore_std: 2.1140e-04 route_b6_xscore_mean: 1.5723e-02 route_b6_xscore_std: 1.0268e-04 route_b7_xscore_mean: 7.8451e-03 route_b7_xscore_std: 3.2290e-05 
2026-05-16 16:07:22,606 INFO: [train..][epoch:  2, iter:   3,200, lr:(2.000e-04,)] [eta: 4 days, 23:11:19, time (data): 0.531 (0.001)] l_pix: 1.4125e-02 route_b0_xscore_mean: 6.2625e-02 route_b0_xscore_std: 1.3790e-04 route_b1_xscore_mean: 3.1314e-02 route_b1_xscore_std: 7.3597e-05 route_b2_xscore_mean: 1.5724e-02 route_b2_xscore_std: 1.2551e-04 route_b3_xscore_mean: 7.8620e-03 route_b3_xscore_std: 4.5139e-05 route_b4_xscore_mean: 6.3890e-02 route_b4_xscore_std: 1.4259e-03 route_b5_xscore_mean: 3.1466e-02 route_b5_xscore_std: 1.8847e-04 route_b6_xscore_mean: 1.5715e-02 route_b6_xscore_std: 7.0392e-05 route_b7_xscore_mean: 7.8437e-03 route_b7_xscore_std: 2.4511e-05 
2026-05-16 16:09:09,217 INFO: [train..][epoch:  2, iter:   3,400, lr:(2.000e-04,)] [eta: 4 days, 23:05:16, time (data): 0.533 (0.001)] l_pix: 1.5623e-02 route_b0_xscore_mean: 6.2632e-02 route_b0_xscore_std: 1.2341e-04 route_b1_xscore_mean: 3.1322e-02 route_b1_xscore_std: 8.3585e-05 route_b2_xscore_mean: 1.5731e-02 route_b2_xscore_std: 9.4643e-05 route_b3_xscore_mean: 7.8593e-03 route_b3_xscore_std: 3.5027e-05 route_b4_xscore_mean: 6.5156e-02 route_b4_xscore_std: 2.5492e-03 route_b5_xscore_mean: 3.1460e-02 route_b5_xscore_std: 1.7911e-04 route_b6_xscore_mean: 1.5717e-02 route_b6_xscore_std: 8.3681e-05 route_b7_xscore_mean: 7.8484e-03 route_b7_xscore_std: 2.6002e-05 
2026-05-16 16:10:54,955 INFO: [train..][epoch:  2, iter:   3,600, lr:(2.000e-04,)] [eta: 4 days, 22:56:28, time (data): 0.529 (0.001)] l_pix: 1.5628e-02 route_b0_xscore_mean: 6.2635e-02 route_b0_xscore_std: 1.1572e-04 route_b1_xscore_mean: 3.1323e-02 route_b1_xscore_std: 8.4179e-05 route_b2_xscore_mean: 1.5723e-02 route_b2_xscore_std: 9.6660e-05 route_b3_xscore_mean: 7.8653e-03 route_b3_xscore_std: 5.1096e-05 route_b4_xscore_mean: 6.6210e-02 route_b4_xscore_std: 4.2401e-03 route_b5_xscore_mean: 3.1418e-02 route_b5_xscore_std: 1.6007e-04 route_b6_xscore_mean: 1.5715e-02 route_b6_xscore_std: 8.4895e-05 route_b7_xscore_mean: 7.8448e-03 route_b7_xscore_std: 2.5027e-05 
2026-05-16 16:12:44,149 INFO: [train..][epoch:  3, iter:   3,800, lr:(2.000e-04,)] [eta: 4 days, 23:00:29, time (data): 0.548 (0.018)] l_pix: 1.4834e-02 route_b0_xscore_mean: 6.2634e-02 route_b0_xscore_std: 1.2532e-04 route_b1_xscore_mean: 3.1320e-02 route_b1_xscore_std: 7.2060e-05 route_b2_xscore_mean: 1.5716e-02 route_b2_xscore_std: 8.7131e-05 route_b3_xscore_mean: 7.8681e-03 route_b3_xscore_std: 4.8295e-05 route_b4_xscore_mean: 7.9220e-02 route_b4_xscore_std: 2.1596e-02 route_b5_xscore_mean: 3.1504e-02 route_b5_xscore_std: 2.5292e-04 route_b6_xscore_mean: 1.5731e-02 route_b6_xscore_std: 9.6503e-05 route_b7_xscore_mean: 7.8501e-03 route_b7_xscore_std: 3.0919e-05 
2026-05-16 16:14:30,051 INFO: [train..][epoch:  3, iter:   4,000, lr:(2.000e-04,)] [eta: 4 days, 22:53:00, time (data): 0.530 (0.001)] l_pix: 1.5271e-02 route_b0_xscore_mean: 6.2645e-02 route_b0_xscore_std: 1.4281e-04 route_b1_xscore_mean: 3.1319e-02 route_b1_xscore_std: 7.7025e-05 route_b2_xscore_mean: 1.5734e-02 route_b2_xscore_std: 1.0421e-04 route_b3_xscore_mean: 7.8696e-03 route_b3_xscore_std: 5.0828e-05 route_b4_xscore_mean: 2.2736e-01 route_b4_xscore_std: 2.3325e-01 route_b5_xscore_mean: 3.1507e-02 route_b5_xscore_std: 2.6773e-04 route_b6_xscore_mean: 1.5730e-02 route_b6_xscore_std: 9.6299e-05 route_b7_xscore_mean: 7.8461e-03 route_b7_xscore_std: 2.8131e-05 
2026-05-16 16:16:15,583 INFO: [train..][epoch:  3, iter:   4,200, lr:(2.000e-04,)] [eta: 4 days, 22:44:53, time (data): 0.528 (0.001)] l_pix: 1.6261e-02 route_b0_xscore_mean: 6.2634e-02 route_b0_xscore_std: 1.2738e-04 route_b1_xscore_mean: 3.1332e-02 route_b1_xscore_std: 9.2907e-05 route_b2_xscore_mean: 1.5736e-02 route_b2_xscore_std: 1.0334e-04 route_b3_xscore_mean: 7.8795e-03 route_b3_xscore_std: 6.3826e-05 route_b4_xscore_mean: 2.0167e-01 route_b4_xscore_std: 2.2256e-01 route_b5_xscore_mean: 3.1516e-02 route_b5_xscore_std: 2.2904e-04 route_b6_xscore_mean: 1.5739e-02 route_b6_xscore_std: 1.0610e-04 route_b7_xscore_mean: 7.8538e-03 route_b7_xscore_std: 3.5813e-05 
2026-05-16 16:18:01,298 INFO: [train..][epoch:  3, iter:   4,400, lr:(2.000e-04,)] [eta: 4 days, 22:37:54, time (data): 0.528 (0.001)] l_pix: 1.3805e-02 route_b0_xscore_mean: 6.2616e-02 route_b0_xscore_std: 1.1891e-04 route_b1_xscore_mean: 3.1322e-02 route_b1_xscore_std: 8.5495e-05 route_b2_xscore_mean: 1.5725e-02 route_b2_xscore_std: 9.7019e-05 route_b3_xscore_mean: 7.8679e-03 route_b3_xscore_std: 5.4168e-05 route_b4_xscore_mean: 1.8492e-01 route_b4_xscore_std: 1.7252e-01 route_b5_xscore_mean: 3.1489e-02 route_b5_xscore_std: 2.3647e-04 route_b6_xscore_mean: 1.5722e-02 route_b6_xscore_std: 9.5072e-05 route_b7_xscore_mean: 7.8480e-03 route_b7_xscore_std: 3.2647e-05 
2026-05-16 16:19:47,526 INFO: [train..][epoch:  3, iter:   4,600, lr:(2.000e-04,)] [eta: 4 days, 22:32:51, time (data): 0.531 (0.001)] l_pix: 1.4170e-02 route_b0_xscore_mean: 6.2632e-02 route_b0_xscore_std: 1.2452e-04 route_b1_xscore_mean: 3.1327e-02 route_b1_xscore_std: 8.0825e-05 route_b2_xscore_mean: 1.5723e-02 route_b2_xscore_std: 8.0675e-05 route_b3_xscore_mean: 7.8714e-03 route_b3_xscore_std: 4.7780e-05 route_b4_xscore_mean: 2.3625e-01 route_b4_xscore_std: 2.2441e-01 route_b5_xscore_mean: 3.1519e-02 route_b5_xscore_std: 2.8885e-04 route_b6_xscore_mean: 1.5721e-02 route_b6_xscore_std: 7.9546e-05 route_b7_xscore_mean: 7.8437e-03 route_b7_xscore_std: 2.3194e-05 
2026-05-16 16:21:33,195 INFO: [train..][epoch:  3, iter:   4,800, lr:(2.000e-04,)] [eta: 4 days, 22:26:32, time (data): 0.528 (0.001)] l_pix: 1.2591e-02 route_b0_xscore_mean: 6.2657e-02 route_b0_xscore_std: 1.5298e-04 route_b1_xscore_mean: 3.1337e-02 route_b1_xscore_std: 1.0881e-04 route_b2_xscore_mean: 1.5731e-02 route_b2_xscore_std: 1.1245e-04 route_b3_xscore_mean: 7.8731e-03 route_b3_xscore_std: 5.7564e-05 route_b4_xscore_mean: 2.4458e-01 route_b4_xscore_std: 2.5416e-01 route_b5_xscore_mean: 3.1529e-02 route_b5_xscore_std: 3.1006e-04 route_b6_xscore_mean: 1.5723e-02 route_b6_xscore_std: 8.8979e-05 route_b7_xscore_mean: 7.8485e-03 route_b7_xscore_std: 3.4963e-05 
2026-05-16 16:23:19,215 INFO: [train..][epoch:  3, iter:   5,000, lr:(2.000e-04,)] [eta: 4 days, 22:21:31, time (data): 0.530 (0.001)] l_pix: 1.9573e-02 route_b0_xscore_mean: 6.2663e-02 route_b0_xscore_std: 1.6946e-04 route_b1_xscore_mean: 3.1350e-02 route_b1_xscore_std: 1.2954e-04 route_b2_xscore_mean: 1.5743e-02 route_b2_xscore_std: 1.2318e-04 route_b3_xscore_mean: 7.8976e-03 route_b3_xscore_std: 8.0182e-05 route_b4_xscore_mean: 3.1537e-01 route_b4_xscore_std: 3.0341e-01 route_b5_xscore_mean: 3.1668e-02 route_b5_xscore_std: 4.1122e-04 route_b6_xscore_mean: 1.5760e-02 route_b6_xscore_std: 1.1879e-04 route_b7_xscore_mean: 7.8598e-03 route_b7_xscore_std: 4.1620e-05 
2026-05-16 16:23:19,216 INFO: Saving models and training states.
2026-05-16 16:23:19,373 WARNING: Multiple validation datasets are *only* supported by SRModel.
2026-05-16 16:23:23,485 INFO: Validation Set5
	 # psnr: 37.3240	Best: 37.3240 @ 5000 iter
	 # ssim: 0.9580	Best: 0.9580 @ 5000 iter

2026-05-16 16:23:43,039 INFO: Validation Set14
	 # psnr: 32.9262	Best: 32.9262 @ 5000 iter
	 # ssim: 0.9114	Best: 0.9114 @ 5000 iter

2026-05-16 16:25:30,054 INFO: [train..][epoch:  4, iter:   5,200, lr:(2.000e-04,)] [eta: 4 days, 23:19:57, time (data): 0.521 (0.001)] l_pix: 1.3619e-02 route_b0_xscore_mean: 6.2669e-02 route_b0_xscore_std: 1.5034e-04 route_b1_xscore_mean: 3.1340e-02 route_b1_xscore_std: 9.5905e-05 route_b2_xscore_mean: 1.5749e-02 route_b2_xscore_std: 1.2203e-04 route_b3_xscore_mean: 7.8718e-03 route_b3_xscore_std: 5.8379e-05 route_b4_xscore_mean: 2.4905e-01 route_b4_xscore_std: 2.4137e-01 route_b5_xscore_mean: 3.1527e-02 route_b5_xscore_std: 3.0221e-04 route_b6_xscore_mean: 1.5720e-02 route_b6_xscore_std: 8.9339e-05 route_b7_xscore_mean: 7.8445e-03 route_b7_xscore_std: 3.1420e-05 
2026-05-16 16:27:15,926 INFO: [train..][epoch:  4, iter:   5,400, lr:(2.000e-04,)] [eta: 4 days, 23:12:41, time (data): 0.530 (0.001)] l_pix: 1.3756e-02 route_b0_xscore_mean: 6.2681e-02 route_b0_xscore_std: 1.7317e-04 route_b1_xscore_mean: 3.1343e-02 route_b1_xscore_std: 1.1457e-04 route_b2_xscore_mean: 1.5755e-02 route_b2_xscore_std: 1.3989e-04 route_b3_xscore_mean: 7.8738e-03 route_b3_xscore_std: 5.5295e-05 route_b4_xscore_mean: 2.5724e-01 route_b4_xscore_std: 2.3424e-01 route_b5_xscore_mean: 3.1670e-02 route_b5_xscore_std: 4.8455e-04 route_b6_xscore_mean: 1.5725e-02 route_b6_xscore_std: 9.1836e-05 route_b7_xscore_mean: 7.8494e-03 route_b7_xscore_std: 3.3248e-05 
2026-05-16 16:29:02,842 INFO: [train..][epoch:  4, iter:   5,600, lr:(2.000e-04,)] [eta: 4 days, 23:08:16, time (data): 0.535 (0.001)] l_pix: 1.3840e-02 route_b0_xscore_mean: 6.2638e-02 route_b0_xscore_std: 1.1939e-04 route_b1_xscore_mean: 3.1339e-02 route_b1_xscore_std: 1.1083e-04 route_b2_xscore_mean: 1.5706e-02 route_b2_xscore_std: 7.2293e-05 route_b3_xscore_mean: 7.8750e-03 route_b3_xscore_std: 6.9531e-05 route_b4_xscore_mean: 2.8367e-01 route_b4_xscore_std: 2.5840e-01 route_b5_xscore_mean: 3.1769e-02 route_b5_xscore_std: 5.9043e-04 route_b6_xscore_mean: 1.5727e-02 route_b6_xscore_std: 9.2158e-05 route_b7_xscore_mean: 7.8452e-03 route_b7_xscore_std: 3.2194e-05 
2026-05-16 16:30:48,967 INFO: [train..][epoch:  4, iter:   5,800, lr:(2.000e-04,)] [eta: 4 days, 23:02:14, time (data): 0.530 (0.001)] l_pix: 1.3311e-02 route_b0_xscore_mean: 6.2696e-02 route_b0_xscore_std: 1.6041e-04 route_b1_xscore_mean: 3.1373e-02 route_b1_xscore_std: 1.5719e-04 route_b2_xscore_mean: 1.5748e-02 route_b2_xscore_std: 1.2656e-04 route_b3_xscore_mean: 7.8788e-03 route_b3_xscore_std: 6.1932e-05 route_b4_xscore_mean: 2.2131e-01 route_b4_xscore_std: 2.0401e-01 route_b5_xscore_mean: 3.1771e-02 route_b5_xscore_std: 5.5124e-04 route_b6_xscore_mean: 1.5742e-02 route_b6_xscore_std: 9.9266e-05 route_b7_xscore_mean: 7.8485e-03 route_b7_xscore_std: 3.3088e-05 
2026-05-16 16:32:35,204 INFO: [train..][epoch:  4, iter:   6,000, lr:(2.000e-04,)] [eta: 4 days, 22:56:44, time (data): 0.531 (0.001)] l_pix: 1.8584e-02 route_b0_xscore_mean: 6.2703e-02 route_b0_xscore_std: 1.9572e-04 route_b1_xscore_mean: 3.1373e-02 route_b1_xscore_std: 1.4663e-04 route_b2_xscore_mean: 1.5757e-02 route_b2_xscore_std: 1.2202e-04 route_b3_xscore_mean: 7.8983e-03 route_b3_xscore_std: 7.0214e-05 route_b4_xscore_mean: 3.3206e-01 route_b4_xscore_std: 2.9527e-01 route_b5_xscore_mean: 3.2008e-02 route_b5_xscore_std: 8.2207e-04 route_b6_xscore_mean: 1.5767e-02 route_b6_xscore_std: 1.1789e-04 route_b7_xscore_mean: 7.8613e-03 route_b7_xscore_std: 4.0907e-05 
2026-05-16 16:34:22,472 INFO: [train..][epoch:  4, iter:   6,200, lr:(2.000e-04,)] [eta: 4 days, 22:53:41, time (data): 0.537 (0.001)] l_pix: 1.2568e-02 route_b0_xscore_mean: 6.2668e-02 route_b0_xscore_std: 1.4222e-04 route_b1_xscore_mean: 3.1354e-02 route_b1_xscore_std: 1.1156e-04 route_b2_xscore_mean: 1.5743e-02 route_b2_xscore_std: 1.0919e-04 route_b3_xscore_mean: 7.8881e-03 route_b3_xscore_std: 6.8348e-05 route_b4_xscore_mean: 2.4399e-01 route_b4_xscore_std: 2.3454e-01 route_b5_xscore_mean: 3.1904e-02 route_b5_xscore_std: 8.3054e-04 route_b6_xscore_mean: 1.5735e-02 route_b6_xscore_std: 9.5605e-05 route_b7_xscore_mean: 7.8477e-03 route_b7_xscore_std: 3.0646e-05 
2026-05-16 16:36:12,740 INFO: [train..][epoch:  5, iter:   6,400, lr:(2.000e-04,)] [eta: 4 days, 22:56:54, time (data): 0.554 (0.020)] l_pix: 1.3579e-02 route_b0_xscore_mean: 6.2710e-02 route_b0_xscore_std: 2.2651e-04 route_b1_xscore_mean: 3.1373e-02 route_b1_xscore_std: 1.5009e-04 route_b2_xscore_mean: 1.5765e-02 route_b2_xscore_std: 1.6522e-04 route_b3_xscore_mean: 7.8860e-03 route_b3_xscore_std: 7.3060e-05 route_b4_xscore_mean: 2.6025e-01 route_b4_xscore_std: 2.2219e-01 route_b5_xscore_mean: 3.1973e-02 route_b5_xscore_std: 7.9616e-04 route_b6_xscore_mean: 1.5734e-02 route_b6_xscore_std: 9.1052e-05 route_b7_xscore_mean: 7.8508e-03 route_b7_xscore_std: 3.3922e-05 
2026-05-16 16:37:59,662 INFO: [train..][epoch:  5, iter:   6,600, lr:(2.000e-04,)] [eta: 4 days, 22:53:06, time (data): 0.535 (0.001)] l_pix: 1.4413e-02 route_b0_xscore_mean: 6.2729e-02 route_b0_xscore_std: 2.0928e-04 route_b1_xscore_mean: 3.1363e-02 route_b1_xscore_std: 1.3211e-04 route_b2_xscore_mean: 1.5794e-02 route_b2_xscore_std: 1.8012e-04 route_b3_xscore_mean: 7.8950e-03 route_b3_xscore_std: 7.7566e-05 route_b4_xscore_mean: 2.4239e-01 route_b4_xscore_std: 1.8838e-01 route_b5_xscore_mean: 3.2215e-02 route_b5_xscore_std: 1.1467e-03 route_b6_xscore_mean: 1.5732e-02 route_b6_xscore_std: 8.3689e-05 route_b7_xscore_mean: 7.8530e-03 route_b7_xscore_std: 3.5772e-05 
2026-05-16 16:39:47,216 INFO: [train..][epoch:  5, iter:   6,800, lr:(2.000e-04,)] [eta: 4 days, 22:50:39, time (data): 0.536 (0.001)] l_pix: 1.5621e-02 route_b0_xscore_mean: 6.2730e-02 route_b0_xscore_std: 1.8760e-04 route_b1_xscore_mean: 3.1367e-02 route_b1_xscore_std: 1.3197e-04 route_b2_xscore_mean: 1.5824e-02 route_b2_xscore_std: 2.1349e-04 route_b3_xscore_mean: 7.8963e-03 route_b3_xscore_std: 6.9110e-05 route_b4_xscore_mean: 3.3585e-01 route_b4_xscore_std: 2.4354e-01 route_b5_xscore_mean: 3.2541e-02 route_b5_xscore_std: 1.4657e-03 route_b6_xscore_mean: 1.5751e-02 route_b6_xscore_std: 9.7578e-05 route_b7_xscore_mean: 7.8542e-03 route_b7_xscore_std: 3.3388e-05 
2026-05-16 16:41:34,244 INFO: [train..][epoch:  5, iter:   7,000, lr:(2.000e-04,)] [eta: 4 days, 22:47:15, time (data): 0.535 (0.001)] l_pix: 1.3035e-02 route_b0_xscore_mean: 6.2721e-02 route_b0_xscore_std: 2.1445e-04 route_b1_xscore_mean: 3.1372e-02 route_b1_xscore_std: 1.8408e-04 route_b2_xscore_mean: 1.5816e-02 route_b2_xscore_std: 2.1088e-04 route_b3_xscore_mean: 7.8886e-03 route_b3_xscore_std: 7.6598e-05 route_b4_xscore_mean: 2.4487e-01 route_b4_xscore_std: 2.2322e-01 route_b5_xscore_mean: 3.2142e-02 route_b5_xscore_std: 1.1717e-03 route_b6_xscore_mean: 1.5727e-02 route_b6_xscore_std: 8.4273e-05 route_b7_xscore_mean: 7.8486e-03 route_b7_xscore_std: 3.2333e-05 
2026-05-16 16:43:21,394 INFO: [train..][epoch:  5, iter:   7,200, lr:(2.000e-04,)] [eta: 4 days, 22:44:10, time (data): 0.536 (0.001)] l_pix: 1.6532e-02 route_b0_xscore_mean: 6.2764e-02 route_b0_xscore_std: 2.4198e-04 route_b1_xscore_mean: 3.1400e-02 route_b1_xscore_std: 1.7168e-04 route_b2_xscore_mean: 1.5822e-02 route_b2_xscore_std: 2.1583e-04 route_b3_xscore_mean: 7.9150e-03 route_b3_xscore_std: 8.5150e-05 route_b4_xscore_mean: 2.2489e-01 route_b4_xscore_std: 1.5099e-01 route_b5_xscore_mean: 3.2568e-02 route_b5_xscore_std: 1.4724e-03 route_b6_xscore_mean: 1.5748e-02 route_b6_xscore_std: 9.6468e-05 route_b7_xscore_mean: 7.8530e-03 route_b7_xscore_std: 3.0772e-05 
2026-05-16 16:45:07,752 INFO: [train..][epoch:  5, iter:   7,400, lr:(2.000e-04,)] [eta: 4 days, 22:39:44, time (data): 0.532 (0.001)] l_pix: 1.3828e-02 route_b0_xscore_mean: 6.2807e-02 route_b0_xscore_std: 3.2192e-04 route_b1_xscore_mean: 3.1390e-02 route_b1_xscore_std: 1.9050e-04 route_b2_xscore_mean: 1.5809e-02 route_b2_xscore_std: 2.2695e-04 route_b3_xscore_mean: 7.8968e-03 route_b3_xscore_std: 7.8819e-05 route_b4_xscore_mean: 1.9229e-01 route_b4_xscore_std: 1.4582e-01 route_b5_xscore_mean: 3.2971e-02 route_b5_xscore_std: 2.0141e-03 route_b6_xscore_mean: 1.5744e-02 route_b6_xscore_std: 1.1071e-04 route_b7_xscore_mean: 7.8560e-03 route_b7_xscore_std: 4.4711e-05 
2026-05-16 16:46:00,811 INFO: Saving models and training states.
2026-05-16 16:46:00,977 WARNING: Multiple validation datasets are *only* supported by SRModel.
2026-05-16 16:46:04,746 INFO: Validation Set5
	 # psnr: 37.5084	Best: 37.5084 @ 7500 iter
	 # ssim: 0.9588	Best: 0.9588 @ 7500 iter

2026-05-16 16:46:23,649 INFO: Validation Set14
	 # psnr: 33.0401	Best: 33.0401 @ 7500 iter
	 # ssim: 0.9129	Best: 0.9129 @ 7500 iter

2026-05-16 16:47:17,899 INFO: [train..][epoch:  6, iter:   7,600, lr:(2.000e-04,)] [eta: 4 days, 23:16:47, time (data): 0.538 (0.019)] l_pix: 1.4661e-02 route_b0_xscore_mean: 6.2792e-02 route_b0_xscore_std: 2.7965e-04 route_b1_xscore_mean: 3.1433e-02 route_b1_xscore_std: 2.2935e-04 route_b2_xscore_mean: 1.5843e-02 route_b2_xscore_std: 2.3801e-04 route_b3_xscore_mean: 7.8877e-03 route_b3_xscore_std: 6.2013e-05 route_b4_xscore_mean: 2.0636e-01 route_b4_xscore_std: 1.5129e-01 route_b5_xscore_mean: 3.3420e-02 route_b5_xscore_std: 2.5224e-03 route_b6_xscore_mean: 1.5727e-02 route_b6_xscore_std: 8.2377e-05 route_b7_xscore_mean: 7.8503e-03 route_b7_xscore_std: 3.1338e-05 
2026-05-16 16:49:03,800 INFO: [train..][epoch:  6, iter:   7,800, lr:(2.000e-04,)] [eta: 4 days, 23:10:47, time (data): 0.531 (0.001)] l_pix: 1.1968e-02 route_b0_xscore_mean: 6.2787e-02 route_b0_xscore_std: 2.6917e-04 route_b1_xscore_mean: 3.1400e-02 route_b1_xscore_std: 1.9963e-04 route_b2_xscore_mean: 1.5762e-02 route_b2_xscore_std: 1.3452e-04 route_b3_xscore_mean: 7.8888e-03 route_b3_xscore_std: 6.6106e-05 route_b4_xscore_mean: 2.3649e-01 route_b4_xscore_std: 1.8417e-01 route_b5_xscore_mean: 3.4600e-02 route_b5_xscore_std: 4.9157e-03 route_b6_xscore_mean: 1.5724e-02 route_b6_xscore_std: 7.7643e-05 route_b7_xscore_mean: 7.8475e-03 route_b7_xscore_std: 3.4593e-05 
2026-05-16 16:50:49,939 INFO: [train..][epoch:  6, iter:   8,000, lr:(2.000e-04,)] [eta: 4 days, 23:05:23, time (data): 0.531 (0.001)] l_pix: 1.5315e-02 route_b0_xscore_mean: 6.2799e-02 route_b0_xscore_std: 2.7590e-04 route_b1_xscore_mean: 3.1439e-02 route_b1_xscore_std: 2.5277e-04 route_b2_xscore_mean: 1.5811e-02 route_b2_xscore_std: 1.9790e-04 route_b3_xscore_mean: 7.9013e-03 route_b3_xscore_std: 8.0988e-05 route_b4_xscore_mean: 2.7545e-01 route_b4_xscore_std: 2.2550e-01 route_b5_xscore_mean: 3.6466e-02 route_b5_xscore_std: 6.9631e-03 route_b6_xscore_mean: 1.5757e-02 route_b6_xscore_std: 1.1794e-04 route_b7_xscore_mean: 7.8545e-03 route_b7_xscore_std: 3.7195e-05 
2026-05-16 16:52:36,471 INFO: [train..][epoch:  6, iter:   8,200, lr:(2.000e-04,)] [eta: 4 days, 23:00:47, time (data): 0.533 (0.001)] l_pix: 1.5360e-02 route_b0_xscore_mean: 6.2898e-02 route_b0_xscore_std: 4.1843e-04 route_b1_xscore_mean: 3.1523e-02 route_b1_xscore_std: 3.3780e-04 route_b2_xscore_mean: 1.5806e-02 route_b2_xscore_std: 2.0181e-04 route_b3_xscore_mean: 7.8963e-03 route_b3_xscore_std: 7.2222e-05 route_b4_xscore_mean: 2.0224e-01 route_b4_xscore_std: 1.5051e-01 route_b5_xscore_mean: 3.7521e-02 route_b5_xscore_std: 8.2425e-03 route_b6_xscore_mean: 1.5757e-02 route_b6_xscore_std: 9.3855e-05 route_b7_xscore_mean: 7.8584e-03 route_b7_xscore_std: 3.3853e-05 
2026-05-16 16:54:23,331 INFO: [train..][epoch:  6, iter:   8,400, lr:(2.000e-04,)] [eta: 4 days, 22:56:51, time (data): 0.533 (0.001)] l_pix: 1.2602e-02 route_b0_xscore_mean: 6.2837e-02 route_b0_xscore_std: 3.8165e-04 route_b1_xscore_mean: 3.1511e-02 route_b1_xscore_std: 3.5467e-04 route_b2_xscore_mean: 1.5822e-02 route_b2_xscore_std: 2.3496e-04 route_b3_xscore_mean: 7.8925e-03 route_b3_xscore_std: 7.7947e-05 route_b4_xscore_mean: 2.4986e-01 route_b4_xscore_std: 2.1907e-01 route_b5_xscore_mean: 4.7725e-02 route_b5_xscore_std: 2.6914e-02 route_b6_xscore_mean: 1.5737e-02 route_b6_xscore_std: 9.3750e-05 route_b7_xscore_mean: 7.8522e-03 route_b7_xscore_std: 3.7230e-05 
2026-05-16 16:56:09,867 INFO: [train..][epoch:  6, iter:   8,600, lr:(2.000e-04,)] [eta: 4 days, 22:52:30, time (data): 0.533 (0.001)] l_pix: 1.5345e-02 route_b0_xscore_mean: 6.2835e-02 route_b0_xscore_std: 3.0628e-04 route_b1_xscore_mean: 3.1536e-02 route_b1_xscore_std: 3.5189e-04 route_b2_xscore_mean: 1.5773e-02 route_b2_xscore_std: 1.6617e-04 route_b3_xscore_mean: 7.9036e-03 route_b3_xscore_std: 1.0117e-04 route_b4_xscore_mean: 2.3236e-01 route_b4_xscore_std: 2.1050e-01 route_b5_xscore_mean: 7.4170e-02 route_b5_xscore_std: 9.7814e-02 route_b6_xscore_mean: 1.5749e-02 route_b6_xscore_std: 1.1564e-04 route_b7_xscore_mean: 7.8544e-03 route_b7_xscore_std: 3.9934e-05 
2026-05-16 16:58:00,517 INFO: [train..][epoch:  7, iter:   8,800, lr:(2.000e-04,)] [eta: 4 days, 22:54:27, time (data): 0.559 (0.021)] l_pix: 1.4186e-02 route_b0_xscore_mean: 6.2861e-02 route_b0_xscore_std: 3.6041e-04 route_b1_xscore_mean: 3.1549e-02 route_b1_xscore_std: 4.1440e-04 route_b2_xscore_mean: 1.5749e-02 route_b2_xscore_std: 1.4257e-04 route_b3_xscore_mean: 7.9057e-03 route_b3_xscore_std: 8.7232e-05 route_b4_xscore_mean: 2.2752e-01 route_b4_xscore_std: 1.6728e-01 route_b5_xscore_mean: 1.0963e-01 route_b5_xscore_std: 1.4551e-01 route_b6_xscore_mean: 1.5744e-02 route_b6_xscore_std: 1.0181e-04 route_b7_xscore_mean: 7.8543e-03 route_b7_xscore_std: 3.7329e-05 
2026-05-16 16:59:47,228 INFO: [train..][epoch:  7, iter:   9,000, lr:(2.000e-04,)] [eta: 4 days, 22:50:27, time (data): 0.534 (0.001)] l_pix: 1.0950e-02 route_b0_xscore_mean: 6.2917e-02 route_b0_xscore_std: 4.0596e-04 route_b1_xscore_mean: 3.1463e-02 route_b1_xscore_std: 3.0654e-04 route_b2_xscore_mean: 1.5777e-02 route_b2_xscore_std: 2.1330e-04 route_b3_xscore_mean: 7.8852e-03 route_b3_xscore_std: 8.1650e-05 route_b4_xscore_mean: 2.0219e-01 route_b4_xscore_std: 1.5995e-01 route_b5_xscore_mean: 2.2999e-01 route_b5_xscore_std: 2.8712e-01 route_b6_xscore_mean: 1.5719e-02 route_b6_xscore_std: 1.1366e-04 route_b7_xscore_mean: 7.8474e-03 route_b7_xscore_std: 3.7172e-05 
2026-05-16 17:01:34,248 INFO: [train..][epoch:  7, iter:   9,200, lr:(2.000e-04,)] [eta: 4 days, 22:47:00, time (data): 0.535 (0.001)] l_pix: 1.3790e-02 route_b0_xscore_mean: 6.2956e-02 route_b0_xscore_std: 3.7732e-04 route_b1_xscore_mean: 3.1667e-02 route_b1_xscore_std: 5.8751e-04 route_b2_xscore_mean: 1.5805e-02 route_b2_xscore_std: 1.9326e-04 route_b3_xscore_mean: 7.9200e-03 route_b3_xscore_std: 1.0989e-04 route_b4_xscore_mean: 2.9579e-01 route_b4_xscore_std: 2.1369e-01 route_b5_xscore_mean: 3.3749e-01 route_b5_xscore_std: 3.3804e-01 route_b6_xscore_mean: 1.5742e-02 route_b6_xscore_std: 9.8732e-05 route_b7_xscore_mean: 7.8551e-03 route_b7_xscore_std: 3.7174e-05 
2026-05-16 17:03:21,644 INFO: [train..][epoch:  7, iter:   9,400, lr:(2.000e-04,)] [eta: 4 days, 22:44:08, time (data): 0.537 (0.001)] l_pix: 1.6152e-02 route_b0_xscore_mean: 6.3215e-02 route_b0_xscore_std: 7.0505e-04 route_b1_xscore_mean: 3.1766e-02 route_b1_xscore_std: 7.2448e-04 route_b2_xscore_mean: 1.5864e-02 route_b2_xscore_std: 2.7857e-04 route_b3_xscore_mean: 7.9257e-03 route_b3_xscore_std: 1.0882e-04 route_b4_xscore_mean: 2.3597e-01 route_b4_xscore_std: 1.7442e-01 route_b5_xscore_mean: 3.1157e-01 route_b5_xscore_std: 3.4907e-01 route_b6_xscore_mean: 1.5754e-02 route_b6_xscore_std: 1.0665e-04 route_b7_xscore_mean: 7.8646e-03 route_b7_xscore_std: 4.1587e-05 
2026-05-16 17:05:09,051 INFO: [train..][epoch:  7, iter:   9,600, lr:(2.000e-04,)] [eta: 4 days, 22:41:21, time (data): 0.537 (0.001)] l_pix: 1.4648e-02 route_b0_xscore_mean: 6.3001e-02 route_b0_xscore_std: 5.7229e-04 route_b1_xscore_mean: 3.1651e-02 route_b1_xscore_std: 6.2688e-04 route_b2_xscore_mean: 1.5824e-02 route_b2_xscore_std: 2.6319e-04 route_b3_xscore_mean: 7.9091e-03 route_b3_xscore_std: 8.8912e-05 route_b4_xscore_mean: 2.8411e-01 route_b4_xscore_std: 1.9026e-01 route_b5_xscore_mean: 2.9514e-01 route_b5_xscore_std: 3.3261e-01 route_b6_xscore_mean: 1.5732e-02 route_b6_xscore_std: 7.5148e-05 route_b7_xscore_mean: 7.8510e-03 route_b7_xscore_std: 3.1253e-05 
2026-05-16 17:06:56,292 INFO: [train..][epoch:  7, iter:   9,800, lr:(2.000e-04,)] [eta: 4 days, 22:38:22, time (data): 0.536 (0.001)] l_pix: 1.4030e-02 route_b0_xscore_mean: 6.3024e-02 route_b0_xscore_std: 4.8226e-04 route_b1_xscore_mean: 3.1765e-02 route_b1_xscore_std: 6.7715e-04 route_b2_xscore_mean: 1.5817e-02 route_b2_xscore_std: 2.0844e-04 route_b3_xscore_mean: 7.9228e-03 route_b3_xscore_std: 1.1670e-04 route_b4_xscore_mean: 2.6623e-01 route_b4_xscore_std: 1.9887e-01 route_b5_xscore_mean: 3.0128e-01 route_b5_xscore_std: 3.3088e-01 route_b6_xscore_mean: 1.5747e-02 route_b6_xscore_std: 9.7555e-05 route_b7_xscore_mean: 7.8584e-03 route_b7_xscore_std: 4.2419e-05 
2026-05-16 17:08:43,827 INFO: [train..][epoch:  7, iter:  10,000, lr:(2.000e-04,)] [eta: 4 days, 22:35:49, time (data): 0.538 (0.001)] l_pix: 1.3255e-02 route_b0_xscore_mean: 6.3196e-02 route_b0_xscore_std: 6.9383e-04 route_b1_xscore_mean: 3.1706e-02 route_b1_xscore_std: 6.4827e-04 route_b2_xscore_mean: 1.5825e-02 route_b2_xscore_std: 2.1924e-04 route_b3_xscore_mean: 7.9250e-03 route_b3_xscore_std: 1.2289e-04 route_b4_xscore_mean: 2.0406e-01 route_b4_xscore_std: 1.4681e-01 route_b5_xscore_mean: 2.9492e-01 route_b5_xscore_std: 3.4209e-01 route_b6_xscore_mean: 1.5741e-02 route_b6_xscore_std: 1.0850e-04 route_b7_xscore_mean: 7.8560e-03 route_b7_xscore_std: 3.7860e-05 
2026-05-16 17:08:43,828 INFO: Saving models and training states.
2026-05-16 17:08:44,003 WARNING: Multiple validation datasets are *only* supported by SRModel.
2026-05-16 17:08:47,828 INFO: Validation Set5
	 # psnr: 37.6185	Best: 37.6185 @ 10000 iter
	 # ssim: 0.9592	Best: 0.9592 @ 10000 iter

2026-05-16 17:09:07,076 INFO: Validation Set14
	 # psnr: 33.1383	Best: 33.1383 @ 10000 iter
	 # ssim: 0.9142	Best: 0.9142 @ 10000 iter

2026-05-16 17:10:55,275 INFO: [train..][epoch:  8, iter:  10,200, lr:(2.000e-04,)] [eta: 4 days, 23:04:09, time (data): 0.527 (0.001)] l_pix: 1.2789e-02 route_b0_xscore_mean: 6.2921e-02 route_b0_xscore_std: 4.8478e-04 route_b1_xscore_mean: 3.1664e-02 route_b1_xscore_std: 7.2308e-04 route_b2_xscore_mean: 1.5788e-02 route_b2_xscore_std: 2.1201e-04 route_b3_xscore_mean: 7.9190e-03 route_b3_xscore_std: 1.2599e-04 route_b4_xscore_mean: 2.5008e-01 route_b4_xscore_std: 1.9832e-01 route_b5_xscore_mean: 3.1391e-01 route_b5_xscore_std: 3.4698e-01 route_b6_xscore_mean: 1.5737e-02 route_b6_xscore_std: 1.1819e-04 route_b7_xscore_mean: 7.8539e-03 route_b7_xscore_std: 4.7225e-05 
2026-05-16 17:12:42,174 INFO: [train..][epoch:  8, iter:  10,400, lr:(2.000e-04,)] [eta: 4 days, 23:00:16, time (data): 0.535 (0.001)] l_pix: 1.1542e-02 route_b0_xscore_mean: 6.3175e-02 route_b0_xscore_std: 6.8938e-04 route_b1_xscore_mean: 3.1793e-02 route_b1_xscore_std: 9.7130e-04 route_b2_xscore_mean: 1.5829e-02 route_b2_xscore_std: 2.6345e-04 route_b3_xscore_mean: 7.9060e-03 route_b3_xscore_std: 1.0199e-04 route_b4_xscore_mean: 2.0586e-01 route_b4_xscore_std: 1.4601e-01 route_b5_xscore_mean: 3.4116e-01 route_b5_xscore_std: 3.6052e-01 route_b6_xscore_mean: 1.5730e-02 route_b6_xscore_std: 9.4681e-05 route_b7_xscore_mean: 7.8506e-03 route_b7_xscore_std: 3.9256e-05 
